Using pre-set license
Built from '2020.3/staging' branch; Version is '2020.3.8f1 (507919d4fff5) revision 5273881'; Using compiler version '192528614'; Build Type 'Release'
OS: 'Windows 10 Home Single Language; OS build 19042.985; Version 2009; 64bit' Language: 'en' Physical Memory: 7959 MB
BatchMode: 1, IsHumanControllingUs: 0, StartBugReporterOnCrash: 0, Is64bit: 1, IsPro: 0

 COMMAND LINE ARGUMENTS:
C:\Program Files\Unity\Hub\Editor\2020.3.8f1\Editor\Unity.exe
-adb2
-batchMode
-noUpm
-name
AssetImportWorker0
-projectPath
C:/Users/dogbo/New Unity Project
-logFile
Logs/AssetImportWorker0.log
-srvPort
54476
Successfully changed project path to: C:/Users/dogbo/New Unity Project
C:/Users/dogbo/New Unity Project
Using Asset Import Pipeline V2.
Refreshing native plugins compatible for Editor in 64.61 ms, found 1 plugins.
Preloading 0 native plugins for Editor in 0.00 ms.
Initialize engine version: 2020.3.8f1 (507919d4fff5)
[Subsystems] Discovering subsystems at path C:/Program Files/Unity/Hub/Editor/2020.3.8f1/Editor/Data/Resources/UnitySubsystems
[Subsystems] Discovering subsystems at path C:/Users/dogbo/New Unity Project/Assets
GfxDevice: creating device client; threaded=0
Direct3D:
    Version:  Direct3D 11.0 [level 11.1]
    Renderer: Intel(R) UHD Graphics (ID=0x8a56)
    Vendor:   
    VRAM:     3979 MB
    Driver:   27.20.100.8280
Initialize mono
Mono path[0] = 'C:/Program Files/Unity/Hub/Editor/2020.3.8f1/Editor/Data/Managed'
Mono path[1] = 'C:/Program Files/Unity/Hub/Editor/2020.3.8f1/Editor/Data/MonoBleedingEdge/lib/mono/unityjit'
Mono config path = 'C:/Program Files/Unity/Hub/Editor/2020.3.8f1/Editor/Data/MonoBleedingEdge/etc'
Using monoOptions --debugger-agent=transport=dt_socket,embedding=1,server=y,suspend=n,address=127.0.0.1:56096
Begin MonoManager ReloadAssembly
Registering precompiled unity dll's ...
Register platform support module: C:/Program Files/Unity/Hub/Editor/2020.3.8f1/Editor/Data/PlaybackEngines/WindowsStandaloneSupport/UnityEditor.WindowsStandalone.Extensions.dll
Registered in 0.004507 seconds.
Native extension for WindowsStandalone target not found
Refreshing native plugins compatible for Editor in 58.60 ms, found 1 plugins.
Preloading 0 native plugins for Editor in 0.00 ms.
Mono: successfully reloaded assembly
- Completed reload, in  2.199 seconds
Platform modules already initialized, skipping
Registering precompiled user dll's ...
Registered in 0.001855 seconds.
Begin MonoManager ReloadAssembly
Native extension for WindowsStandalone target not found
Refreshing native plugins compatible for Editor in 50.49 ms, found 1 plugins.
Preloading 0 native plugins for Editor in 0.00 ms.
Mono: successfully reloaded assembly
- Completed reload, in  1.217 seconds
Platform modules already initialized, skipping
========================================================================
Worker process is ready to serve import requests
Launched and connected shader compiler UnityShaderCompiler.exe after 0.09 seconds
Refreshing native plugins compatible for Editor in 0.36 ms, found 1 plugins.
Preloading 0 native plugins for Editor in 0.00 ms.
Unloading 1808 Unused Serialized files (Serialized files now loaded: 0)
System memory in use before: 84.8 MB.
System memory in use after: 84.8 MB.

Unloading 24 unused Assets to reduce memory usage. Loaded Objects now: 2250.
Total: 2.006500 ms (FindLiveObjects: 0.158800 ms CreateObjectMapping: 0.069500 ms MarkObjects: 1.622500 ms  DeleteObjects: 0.153900 ms)

========================================================================
Received Import Request.
  path: Assets/Scenes
  artifactKey: Guid(8244a214f19efe646b1835961e1c96a5) Importer(815301076,1909f56bfc062723c751e8b465ee728b)
Start importing Assets/Scenes using Guid(8244a214f19efe646b1835961e1c96a5) Importer(815301076,1909f56bfc062723c751e8b465ee728b)  -> (artifact id: '7f4eb184eb605b48e15dbbf460d04d6c') in 0.016327 seconds
  Import took 0.021921 seconds .

========================================================================
Received Import Request.
  Time since last request: 13799.354042 seconds.
  path: Assets/Scenes/SampleScene.unity
  artifactKey: Guid(2cda990e2423bbf4892e6590ba056729) Importer(815301076,1909f56bfc062723c751e8b465ee728b)
Start importing Assets/Scenes/SampleScene.unity using Guid(2cda990e2423bbf4892e6590ba056729) Importer(815301076,1909f56bfc062723c751e8b465ee728b)  -> (artifact id: 'aa27944bdea339c97c39027c7eea529c') in 0.305384 seconds
  Import took 0.430642 seconds .

========================================================================
Received Import Request.
  Time since last request: 2.961996 seconds.
  path: Assets/Scenes/SampleScene.unity
  artifactKey: Guid(2cda990e2423bbf4892e6590ba056729) Importer(815301076,1909f56bfc062723c751e8b465ee728b)
Start importing Assets/Scenes/SampleScene.unity using Guid(2cda990e2423bbf4892e6590ba056729) Importer(815301076,1909f56bfc062723c751e8b465ee728b)  -> (artifact id: '91ad71904205b9d825b4a272281565ad') in 0.008007 seconds
  Import took 0.014524 seconds .

========================================================================
Received Import Request.
  Time since last request: 1.652167 seconds.
  path: Assets/Art/BlueDragon.png
  artifactKey: Guid(19f45a220933bfd4f8c005ca9b7f88cc) Importer(815301076,1909f56bfc062723c751e8b465ee728b)
Start importing Assets/Art/BlueDragon.png using Guid(19f45a220933bfd4f8c005ca9b7f88cc) Importer(815301076,1909f56bfc062723c751e8b465ee728b)  -> (artifact id: 'c9ae49152ec28629d557b120e3cd8233') in 0.344599 seconds
  Import took 0.351567 seconds .

========================================================================
Received Import Request.
  Time since last request: 0.000423 seconds.
  path: Assets/Art/ForestBackground.png
  artifactKey: Guid(4959fa72a6eeed8458fa55b058a825ee) Importer(815301076,1909f56bfc062723c751e8b465ee728b)
Start importing Assets/Art/ForestBackground.png using Guid(4959fa72a6eeed8458fa55b058a825ee) Importer(815301076,1909f56bfc062723c751e8b465ee728b)  -> (artifact id: 'd69c9e8e44b70c88085c1e80f34c24f3') in 0.037925 seconds
  Import took 0.043256 seconds .

========================================================================
Received Import Request.
  Time since last request: 0.000399 seconds.
  path: Assets/Art/RedDragon.png
  artifactKey: Guid(26309478357971648b6c7ad5a94df296) Importer(815301076,1909f56bfc062723c751e8b465ee728b)
Start importing Assets/Art/RedDragon.png using Guid(26309478357971648b6c7ad5a94df296) Importer(815301076,1909f56bfc062723c751e8b465ee728b)  -> (artifact id: '6fb38d291f8049fb4cc7a6cb3ed26615') in 0.028269 seconds
  Import took 0.032895 seconds .

========================================================================
Received Import Request.
  Time since last request: 0.000398 seconds.
  path: Assets/Art/Stumps.png
  artifactKey: Guid(1a686be9646e6c547a2de4b6a32d5e25) Importer(815301076,1909f56bfc062723c751e8b465ee728b)
Start importing Assets/Art/Stumps.png using Guid(1a686be9646e6c547a2de4b6a32d5e25) Importer(815301076,1909f56bfc062723c751e8b465ee728b)  -> (artifact id: '448835a73a56b162d3638c42d1f92909') in 0.037403 seconds
  Import took 0.043921 seconds .

========================================================================
Received Import Request.
  Time since last request: 0.000314 seconds.
  path: Assets/Art/RedDragon.png
  artifactKey: Guid(26309478357971648b6c7ad5a94df296) Importer(815301076,1909f56bfc062723c751e8b465ee728b)
Start importing Assets/Art/RedDragon.png using Guid(26309478357971648b6c7ad5a94df296) Importer(815301076,1909f56bfc062723c751e8b465ee728b)  -> (artifact id: '6fb38d291f8049fb4cc7a6cb3ed26615') in 0.021631 seconds
  Import took 0.025642 seconds .

========================================================================
Received Import Request.
  Time since last request: 372.183201 seconds.
  path: ProjectSettings/TagManager.asset
  artifactKey: Guid(00000000000000003000000000000000) Importer(815301076,1909f56bfc062723c751e8b465ee728b)
Start importing ProjectSettings/TagManager.asset using Guid(00000000000000003000000000000000) Importer(815301076,1909f56bfc062723c751e8b465ee728b)  -> (artifact id: '95df672b4aaba54310d34c83eef51bb8') in 0.038016 seconds
  Import took 0.046235 seconds .

========================================================================
Received Prepare
Registering precompiled user dll's ...
Registered in 0.001240 seconds.
Begin MonoManager ReloadAssembly
Native extension for WindowsStandalone target not found
Refreshing native plugins compatible for Editor in 0.53 ms, found 1 plugins.
Preloading 0 native plugins for Editor in 0.00 ms.
Mono: successfully reloaded assembly
- Completed reload, in  1.324 seconds
Platform modules already initialized, skipping
Refreshing native plugins compatible for Editor in 0.52 ms, found 1 plugins.
Preloading 0 native plugins for Editor in 0.00 ms.
Unloading 1803 Unused Serialized files (Serialized files now loaded: 0)
System memory in use before: 87.9 MB.
System memory in use after: 87.8 MB.

Unloading 13 unused Assets to reduce memory usage. Loaded Objects now: 2264.
Total: 4.893600 ms (FindLiveObjects: 0.349900 ms CreateObjectMapping: 0.107600 ms MarkObjects: 3.961600 ms  DeleteObjects: 0.472400 ms)

========================================================================
Received Prepare
Registering precompiled user dll's ...
Registered in 0.000893 seconds.
Begin MonoManager ReloadAssembly
Native extension for WindowsStandalone target not found
Refreshing native plugins compatible for Editor in 0.52 ms, found 1 plugins.
Preloading 0 native plugins for Editor in 0.00 ms.
Mono: successfully reloaded assembly
- Completed reload, in  0.956 seconds
Platform modules already initialized, skipping
Refreshing native plugins compatible for Editor in 0.34 ms, found 1 plugins.
Preloading 0 native plugins for Editor in 0.00 ms.
Unloading 1803 Unused Serialized files (Serialized files now loaded: 0)
System memory in use before: 87.9 MB.
System memory in use after: 87.9 MB.

Unloading 12 unused Assets to reduce memory usage. Loaded Objects now: 2268.
Total: 2.175500 ms (FindLiveObjects: 0.174800 ms CreateObjectMapping: 0.068100 ms MarkObjects: 1.794500 ms  DeleteObjects: 0.136500 ms)

========================================================================
Received Prepare
Registering precompiled user dll's ...
Registered in 0.001741 seconds.
Begin MonoManager ReloadAssembly
Native extension for WindowsStandalone target not found
Refreshing native plugins compatible for Editor in 0.41 ms, found 1 plugins.
Preloading 0 native plugins for Editor in 0.00 ms.
Mono: successfully reloaded assembly
- Completed reload, in  1.446 seconds
Platform modules already initialized, skipping
Refreshing native plugins compatible for Editor in 0.87 ms, found 1 plugins.
Preloading 0 native plugins for Editor in 0.00 ms.
Unloading 1803 Unused Serialized files (Serialized files now loaded: 0)
System memory in use before: 87.9 MB.
System memory in use after: 87.9 MB.

Unloading 12 unused Assets to reduce memory usage. Loaded Objects now: 2272.
Total: 2.940900 ms (FindLiveObjects: 0.400800 ms CreateObjectMapping: 0.174300 ms MarkObjects: 2.227600 ms  DeleteObjects: 0.136200 ms)

========================================================================
Received Import Request.
  Time since last request: 1097.385121 seconds.
  path: Assets/Art/Stumps.png
  artifactKey: Guid(1a686be9646e6c547a2de4b6a32d5e25) Importer(815301076,1909f56bfc062723c751e8b465ee728b)
Start importing Assets/Art/Stumps.png using Guid(1a686be9646e6c547a2de4b6a32d5e25) Importer(815301076,1909f56bfc062723c751e8b465ee728b)  -> (artifact id: '141e7b79ddd92ebc5dce53daa1e2caa0') in 0.080587 seconds
  Import took 0.087277 seconds .

========================================================================
Received Import Request.
  Time since last request: 48.118730 seconds.
  path: Assets/Art/Stumps.png
  artifactKey: Guid(1a686be9646e6c547a2de4b6a32d5e25) Importer(815301076,1909f56bfc062723c751e8b465ee728b)
Start importing Assets/Art/Stumps.png using Guid(1a686be9646e6c547a2de4b6a32d5e25) Importer(815301076,1909f56bfc062723c751e8b465ee728b)  -> (artifact id: '9769ab5859e2525aac431a8cf335774e') in 0.089510 seconds
  Import took 0.107506 seconds .

========================================================================
Received Prepare
Registering precompiled user dll's ...
Registered in 0.000917 seconds.
Begin MonoManager ReloadAssembly
Native extension for WindowsStandalone target not found
Refreshing native plugins compatible for Editor in 0.38 ms, found 1 plugins.
Preloading 0 native plugins for Editor in 0.00 ms.
Mono: successfully reloaded assembly
- Completed reload, in  1.173 seconds
Platform modules already initialized, skipping
Refreshing native plugins compatible for Editor in 0.42 ms, found 1 plugins.
Preloading 0 native plugins for Editor in 0.00 ms.
Unloading 1803 Unused Serialized files (Serialized files now loaded: 0)
System memory in use before: 88.0 MB.
System memory in use after: 87.9 MB.

Unloading 12 unused Assets to reduce memory usage. Loaded Objects now: 2281.
Total: 1.869800 ms (FindLiveObjects: 0.196400 ms CreateObjectMapping: 0.059500 ms MarkObjects: 1.500600 ms  DeleteObjects: 0.112100 ms)

========================================================================
Received Prepare
Registering precompiled user dll's ...
Registered in 0.001063 seconds.
Begin MonoManager ReloadAssembly
Native extension for WindowsStandalone target not found
Refreshing native plugins compatible for Editor in 0.60 ms, found 1 plugins.
Preloading 0 native plugins for Editor in 0.00 ms.
Mono: successfully reloaded assembly
- Completed reload, in  0.979 seconds
Platform modules already initialized, skipping
Refreshing native plugins compatible for Editor in 0.66 ms, found 1 plugins.
Preloading 0 native plugins for Editor in 0.00 ms.
Unloading 1803 Unused Serialized files (Serialized files now loaded: 0)
System memory in use before: 88.0 MB.
System memory in use after: 88.0 MB.

Unloading 12 unused Assets to reduce memory usage. Loaded Objects now: 2285.
Total: 3.796200 ms (FindLiveObjects: 0.367200 ms CreateObjectMapping: 0.241800 ms MarkObjects: 3.026300 ms  DeleteObjects: 0.158600 ms)

========================================================================
Received Prepare
Registering precompiled user dll's ...
Registered in 0.001028 seconds.
Begin MonoManager ReloadAssembly
Native extension for WindowsStandalone target not found
Refreshing native plugins compatible for Editor in 0.37 ms, found 1 plugins.
Preloading 0 native plugins for Editor in 0.00 ms.
Mono: successfully reloaded assembly
- Completed reload, in  0.962 seconds
Platform modules already initialized, skipping
Refreshing native plugins compatible for Editor in 0.50 ms, found 1 plugins.
Preloading 0 native plugins for Editor in 0.00 ms.
Unloading 1803 Unused Serialized files (Serialized files now loaded: 0)
System memory in use before: 88.0 MB.
System memory in use after: 88.0 MB.

Unloading 12 unused Assets to reduce memory usage. Loaded Objects now: 2289.
Total: 3.185000 ms (FindLiveObjects: 0.148000 ms CreateObjectMapping: 0.049200 ms MarkObjects: 2.791700 ms  DeleteObjects: 0.194500 ms)

========================================================================
Received Import Request.
  Time since last request: 431.337758 seconds.
  path: Assets
  artifactKey: Guid(00000000000000001000000000000000) Importer(815301076,1909f56bfc062723c751e8b465ee728b)
Start importing Assets using Guid(00000000000000001000000000000000) Importer(815301076,1909f56bfc062723c751e8b465ee728b)  -> (artifact id: '42d402b061de3733987d63b9cc3b64de') in 0.018774 seconds
  Import took 0.023743 seconds .

========================================================================
Received Import Request.
  Time since last request: 23.249767 seconds.
  path: Assets/New Folder
  artifactKey: Guid(bb1b68c54c0223f4083be93a9bda727f) Importer(815301076,1909f56bfc062723c751e8b465ee728b)
Start importing Assets/New Folder using Guid(bb1b68c54c0223f4083be93a9bda727f) Importer(815301076,1909f56bfc062723c751e8b465ee728b)  -> (artifact id: '235aa0372d13771c7638db93cb9c125d') in 0.011425 seconds
  Import took 0.029496 seconds .

========================================================================
Received Import Request.
  Time since last request: 14.639090 seconds.
  path: Assets/scripts
  artifactKey: Guid(bb1b68c54c0223f4083be93a9bda727f) Importer(815301076,1909f56bfc062723c751e8b465ee728b)
Start importing Assets/scripts using Guid(bb1b68c54c0223f4083be93a9bda727f) Importer(815301076,1909f56bfc062723c751e8b465ee728b)  -> (artifact id: '1762bda87c2eff2a1e78d620db04d9e2') in 0.013320 seconds
  Import took 0.017857 seconds .

========================================================================
Received Import Request.
  Time since last request: 20.186921 seconds.
  path: Assets/scripts/jump.cs
  artifactKey: Guid(6e920f181d0f8e34cb59bcea0f466974) Importer(815301076,1909f56bfc062723c751e8b465ee728b)
Start importing Assets/scripts/jump.cs using Guid(6e920f181d0f8e34cb59bcea0f466974) Importer(815301076,1909f56bfc062723c751e8b465ee728b)  -> (artifact id: 'fc38fe026729fc1de46c2e0437d8445d') in 0.157225 seconds
  Import took 0.163431 seconds .

========================================================================
Received Prepare
Registering precompiled user dll's ...
Registered in 0.002077 seconds.
Begin MonoManager ReloadAssembly
Native extension for WindowsStandalone target not found
Refreshing native plugins compatible for Editor in 0.39 ms, found 1 plugins.
Preloading 0 native plugins for Editor in 0.00 ms.
Mono: successfully reloaded assembly
- Completed reload, in  1.068 seconds
Platform modules already initialized, skipping
Refreshing native plugins compatible for Editor in 0.36 ms, found 1 plugins.
Preloading 0 native plugins for Editor in 0.00 ms.
Unloading 1804 Unused Serialized files (Serialized files now loaded: 0)
System memory in use before: 88.0 MB.
System memory in use after: 88.0 MB.

Unloading 12 unused Assets to reduce memory usage. Loaded Objects now: 2294.
Total: 2.655000 ms (FindLiveObjects: 0.232800 ms CreateObjectMapping: 0.080800 ms MarkObjects: 2.100800 ms  DeleteObjects: 0.239100 ms)

========================================================================
Received Prepare
Registering precompiled user dll's ...
Registered in 0.002613 seconds.
Begin MonoManager ReloadAssembly
Native extension for WindowsStandalone target not found
Refreshing native plugins compatible for Editor in 0.46 ms, found 1 plugins.
Preloading 0 native plugins for Editor in 0.00 ms.
Mono: successfully reloaded assembly
- Completed reload, in  1.072 seconds
Platform modules already initialized, skipping
Refreshing native plugins compatible for Editor in 0.35 ms, found 1 plugins.
Preloading 0 native plugins for Editor in 0.00 ms.
Unloading 1804 Unused Serialized files (Serialized files now loaded: 0)
System memory in use before: 88.0 MB.
System memory in use after: 88.0 MB.

Unloading 12 unused Assets to reduce memory usage. Loaded Objects now: 2298.
Total: 1.877500 ms (FindLiveObjects: 0.178700 ms CreateObjectMapping: 0.056900 ms MarkObjects: 1.513800 ms  DeleteObjects: 0.126700 ms)

========================================================================
Received Import Request.
  Time since last request: 916.329512 seconds.
  path: Assets/scripts/jump.cs
  artifactKey: Guid(6e920f181d0f8e34cb59bcea0f466974) Importer(815301076,1909f56bfc062723c751e8b465ee728b)
Start importing Assets/scripts/jump.cs using Guid(6e920f181d0f8e34cb59bcea0f466974) Importer(815301076,1909f56bfc062723c751e8b465ee728b)  -> (artifact id: 'd9007a1761016868e5350555d8258ce3') in 0.011394 seconds
  Import took 0.015724 seconds .

========================================================================
Received Prepare
Registering precompiled user dll's ...
Registered in 0.000934 seconds.
Begin MonoManager ReloadAssembly
Native extension for WindowsStandalone target not found
Refreshing native plugins compatible for Editor in 0.58 ms, found 1 plugins.
Preloading 0 native plugins for Editor in 0.00 ms.
Mono: successfully reloaded assembly
- Completed reload, in  1.192 seconds
Platform modules already initialized, skipping
Refreshing native plugins compatible for Editor in 0.47 ms, found 1 plugins.
Preloading 0 native plugins for Editor in 0.00 ms.
Unloading 1804 Unused Serialized files (Serialized files now loaded: 0)
System memory in use before: 88.1 MB.
System memory in use after: 88.0 MB.

Unloading 12 unused Assets to reduce memory usage. Loaded Objects now: 2302.
Total: 2.664900 ms (FindLiveObjects: 0.278700 ms CreateObjectMapping: 0.097500 ms MarkObjects: 2.095300 ms  DeleteObjects: 0.191500 ms)

========================================================================
Received Prepare
Registering precompiled user dll's ...
Registered in 0.001364 seconds.
Begin MonoManager ReloadAssembly
Native extension for WindowsStandalone target not found
Refreshing native plugins compatible for Editor in 0.49 ms, found 1 plugins.
Preloading 0 native plugins for Editor in 0.00 ms.
Mono: successfully reloaded assembly
- Completed reload, in  1.034 seconds
Platform modules already initialized, skipping
Refreshing native plugins compatible for Editor in 0.34 ms, found 1 plugins.
Preloading 0 native plugins for Editor in 0.00 ms.
Unloading 1804 Unused Serialized files (Serialized files now loaded: 0)
System memory in use before: 88.1 MB.
System memory in use after: 88.0 MB.

Unloading 12 unused Assets to reduce memory usage. Loaded Objects now: 2306.
Total: 2.392300 ms (FindLiveObjects: 0.181100 ms CreateObjectMapping: 0.059300 ms MarkObjects: 2.001700 ms  DeleteObjects: 0.148700 ms)

========================================================================
Received Prepare
Registering precompiled user dll's ...
Registered in 0.000860 seconds.
Begin MonoManager ReloadAssembly
Native extension for WindowsStandalone target not found
Refreshing native plugins compatible for Editor in 0.34 ms, found 1 plugins.
Preloading 0 native plugins for Editor in 0.00 ms.
Mono: successfully reloaded assembly
- Completed reload, in  1.214 seconds
Platform modules already initialized, skipping
Refreshing native plugins compatible for Editor in 0.42 ms, found 1 plugins.
Preloading 0 native plugins for Editor in 0.00 ms.
Unloading 1804 Unused Serialized files (Serialized files now loaded: 0)
System memory in use before: 88.1 MB.
System memory in use after: 88.1 MB.

Unloading 12 unused Assets to reduce memory usage. Loaded Objects now: 2310.
Total: 2.473600 ms (FindLiveObjects: 0.360300 ms CreateObjectMapping: 0.115800 ms MarkObjects: 1.839600 ms  DeleteObjects: 0.156100 ms)

========================================================================
Received Prepare
Registering precompiled user dll's ...
Registered in 0.003244 seconds.
Begin MonoManager ReloadAssembly
Native extension for WindowsStandalone target not found
Refreshing native plugins compatible for Editor in 0.42 ms, found 1 plugins.
Preloading 0 native plugins for Editor in 0.00 ms.
Mono: successfully reloaded assembly
- Completed reload, in  1.469 seconds
Platform modules already initialized, skipping
Refreshing native plugins compatible for Editor in 0.33 ms, found 1 plugins.
Preloading 0 native plugins for Editor in 0.00 ms.
Unloading 1804 Unused Serialized files (Serialized files now loaded: 0)
System memory in use before: 88.1 MB.
System memory in use after: 88.1 MB.

Unloading 12 unused Assets to reduce memory usage. Loaded Objects now: 2314.
Total: 1.849600 ms (FindLiveObjects: 0.162400 ms CreateObjectMapping: 0.055900 ms MarkObjects: 1.507200 ms  DeleteObjects: 0.122400 ms)

========================================================================
Received Import Request.
  Time since last request: 335.774275 seconds.
  path: Assets/scripts/DragonKiller.cs
  artifactKey: Guid(b45e5283bd1f5e64a9a0157185415415) Importer(815301076,1909f56bfc062723c751e8b465ee728b)
Start importing Assets/scripts/DragonKiller.cs using Guid(b45e5283bd1f5e64a9a0157185415415) Importer(815301076,1909f56bfc062723c751e8b465ee728b)  -> (artifact id: '258bf4bd11766864496f62a284f64c2b') in 0.016823 seconds
  Import took 0.025629 seconds .

========================================================================
Received Prepare
Registering precompiled user dll's ...
Registered in 0.008542 seconds.
Begin MonoManager ReloadAssembly
Native extension for WindowsStandalone target not found
Refreshing native plugins compatible for Editor in 0.34 ms, found 1 plugins.
Preloading 0 native plugins for Editor in 0.00 ms.
Mono: successfully reloaded assembly
- Completed reload, in  1.125 seconds
Platform modules already initialized, skipping
Refreshing native plugins compatible for Editor in 0.49 ms, found 1 plugins.
Preloading 0 native plugins for Editor in 0.00 ms.
Unloading 1805 Unused Serialized files (Serialized files now loaded: 0)
System memory in use before: 88.1 MB.
System memory in use after: 88.1 MB.

Unloading 12 unused Assets to reduce memory usage. Loaded Objects now: 2319.
Total: 3.403900 ms (FindLiveObjects: 0.149300 ms CreateObjectMapping: 0.049400 ms MarkObjects: 3.059500 ms  DeleteObjects: 0.144600 ms)

========================================================================
Received Prepare
Registering precompiled user dll's ...
Registered in 0.002334 seconds.
Begin MonoManager ReloadAssembly
Native extension for WindowsStandalone target not found
Refreshing native plugins compatible for Editor in 0.38 ms, found 1 plugins.
Preloading 0 native plugins for Editor in 0.00 ms.
Mono: successfully reloaded assembly
- Completed reload, in  1.235 seconds
Platform modules already initialized, skipping
Refreshing native plugins compatible for Editor in 0.48 ms, found 1 plugins.
Preloading 0 native plugins for Editor in 0.00 ms.
Unloading 1805 Unused Serialized files (Serialized files now loaded: 0)
System memory in use before: 88.1 MB.
System memory in use after: 88.1 MB.

Unloading 12 unused Assets to reduce memory usage. Loaded Objects now: 2323.
Total: 3.213300 ms (FindLiveObjects: 0.241300 ms CreateObjectMapping: 0.154700 ms MarkObjects: 2.629100 ms  DeleteObjects: 0.186100 ms)

========================================================================
Received Import Request.
  Time since last request: 372.675179 seconds.
  path: Assets/scripts/DragonKiller.cs
  artifactKey: Guid(b45e5283bd1f5e64a9a0157185415415) Importer(815301076,1909f56bfc062723c751e8b465ee728b)
Start importing Assets/scripts/DragonKiller.cs using Guid(b45e5283bd1f5e64a9a0157185415415) Importer(815301076,1909f56bfc062723c751e8b465ee728b)  -> (artifact id: '5eafd5f9285bc8c3860d611e8b2d71cb') in 0.014399 seconds
  Import took 0.019198 seconds .

========================================================================
Received Prepare
Registering precompiled user dll's ...
Registered in 0.000959 seconds.
Begin MonoManager ReloadAssembly
Native extension for WindowsStandalone target not found
Refreshing native plugins compatible for Editor in 0.72 ms, found 1 plugins.
Preloading 0 native plugins for Editor in 0.00 ms.
Mono: successfully reloaded assembly
- Completed reload, in  1.185 seconds
Platform modules already initialized, skipping
Refreshing native plugins compatible for Editor in 0.33 ms, found 1 plugins.
Preloading 0 native plugins for Editor in 0.00 ms.
Unloading 1805 Unused Serialized files (Serialized files now loaded: 0)
System memory in use before: 88.1 MB.
System memory in use after: 88.1 MB.

Unloading 12 unused Assets to reduce memory usage. Loaded Objects now: 2327.
Total: 1.900700 ms (FindLiveObjects: 0.153600 ms CreateObjectMapping: 0.050000 ms MarkObjects: 1.574000 ms  DeleteObjects: 0.121900 ms)

========================================================================
Received Prepare
Registering precompiled user dll's ...
Registered in 0.001288 seconds.
Begin MonoManager ReloadAssembly
Native extension for WindowsStandalone target not found
Refreshing native plugins compatible for Editor in 0.41 ms, found 1 plugins.
Preloading 0 native plugins for Editor in 0.00 ms.
Mono: successfully reloaded assembly
- Completed reload, in  1.039 seconds
Platform modules already initialized, skipping
Refreshing native plugins compatible for Editor in 0.31 ms, found 1 plugins.
Preloading 0 native plugins for Editor in 0.00 ms.
Unloading 1805 Unused Serialized files (Serialized files now loaded: 0)
System memory in use before: 88.1 MB.
System memory in use after: 88.1 MB.

Unloading 12 unused Assets to reduce memory usage. Loaded Objects now: 2331.
Total: 2.320800 ms (FindLiveObjects: 0.164500 ms CreateObjectMapping: 0.052800 ms MarkObjects: 1.857000 ms  DeleteObjects: 0.193900 ms)

========================================================================
Received Prepare
Registering precompiled user dll's ...
Registered in 0.001924 seconds.
Begin MonoManager ReloadAssembly
Native extension for WindowsStandalone target not found
Refreshing native plugins compatible for Editor in 0.73 ms, found 1 plugins.
Preloading 0 native plugins for Editor in 0.00 ms.
Mono: successfully reloaded assembly
- Completed reload, in  1.537 seconds
Platform modules already initialized, skipping
Refreshing native plugins compatible for Editor in 0.35 ms, found 1 plugins.
Preloading 0 native plugins for Editor in 0.00 ms.
Unloading 1805 Unused Serialized files (Serialized files now loaded: 0)
System memory in use before: 88.1 MB.
System memory in use after: 88.1 MB.

Unloading 12 unused Assets to reduce memory usage. Loaded Objects now: 2335.
Total: 3.576700 ms (FindLiveObjects: 0.283100 ms CreateObjectMapping: 0.122000 ms MarkObjects: 2.944200 ms  DeleteObjects: 0.225400 ms)

========================================================================
Received Import Request.
  Time since last request: 401.993725 seconds.
  path: Assets/scripts/MoveLeft.cs
  artifactKey: Guid(38adee4924648bb4585fadbbd40624ad) Importer(815301076,1909f56bfc062723c751e8b465ee728b)
Start importing Assets/scripts/MoveLeft.cs using Guid(38adee4924648bb4585fadbbd40624ad) Importer(815301076,1909f56bfc062723c751e8b465ee728b)  -> (artifact id: 'f0d2103b1a0c931eee7c318afd57db87') in 0.017723 seconds
  Import took 0.035825 seconds .

========================================================================
Received Import Request.
  Time since last request: 0.010401 seconds.
  path: Assets/scripts/MoveLeft.cs
  artifactKey: Guid(38adee4924648bb4585fadbbd40624ad) Importer(815301076,1909f56bfc062723c751e8b465ee728b)
Start importing Assets/scripts/MoveLeft.cs using Guid(38adee4924648bb4585fadbbd40624ad) Importer(815301076,1909f56bfc062723c751e8b465ee728b)  -> (artifact id: 'f0d2103b1a0c931eee7c318afd57db87') in 0.004442 seconds
  Import took 0.009360 seconds .

========================================================================
Received Prepare
Registering precompiled user dll's ...
Registered in 0.001599 seconds.
Begin MonoManager ReloadAssembly
Native extension for WindowsStandalone target not found
Refreshing native plugins compatible for Editor in 0.41 ms, found 1 plugins.
Preloading 0 native plugins for Editor in 0.00 ms.
Mono: successfully reloaded assembly
- Completed reload, in  1.110 seconds
Platform modules already initialized, skipping
Refreshing native plugins compatible for Editor in 0.34 ms, found 1 plugins.
Preloading 0 native plugins for Editor in 0.00 ms.
Unloading 1806 Unused Serialized files (Serialized files now loaded: 0)
System memory in use before: 88.2 MB.
System memory in use after: 88.2 MB.

Unloading 12 unused Assets to reduce memory usage. Loaded Objects now: 2340.
Total: 2.003500 ms (FindLiveObjects: 0.157300 ms CreateObjectMapping: 0.053800 ms MarkObjects: 1.652500 ms  DeleteObjects: 0.138800 ms)

========================================================================
Received Import Request.
  Time since last request: 78.957985 seconds.
  path: Assets/scripts/MoveLeft.cs
  artifactKey: Guid(38adee4924648bb4585fadbbd40624ad) Importer(815301076,1909f56bfc062723c751e8b465ee728b)
Start importing Assets/scripts/MoveLeft.cs using Guid(38adee4924648bb4585fadbbd40624ad) Importer(815301076,1909f56bfc062723c751e8b465ee728b)  -> (artifact id: 'c4fe7a27f7421d0fa11d5134c820b7e0') in 0.008550 seconds
  Import took 0.025039 seconds .

========================================================================
Received Import Request.
  Time since last request: 0.004710 seconds.
  path: Assets/scripts/MoveLeft.cs
  artifactKey: Guid(38adee4924648bb4585fadbbd40624ad) Importer(815301076,1909f56bfc062723c751e8b465ee728b)
Start importing Assets/scripts/MoveLeft.cs using Guid(38adee4924648bb4585fadbbd40624ad) Importer(815301076,1909f56bfc062723c751e8b465ee728b)  -> (artifact id: 'c4fe7a27f7421d0fa11d5134c820b7e0') in 0.005267 seconds
  Import took 0.009447 seconds .

========================================================================
Received Prepare
Registering precompiled user dll's ...
Registered in 0.001179 seconds.
Begin MonoManager ReloadAssembly
Native extension for WindowsStandalone target not found
Refreshing native plugins compatible for Editor in 0.36 ms, found 1 plugins.
Preloading 0 native plugins for Editor in 0.00 ms.
Mono: successfully reloaded assembly
- Completed reload, in  1.023 seconds
Platform modules already initialized, skipping
Refreshing native plugins compatible for Editor in 0.39 ms, found 1 plugins.
Preloading 0 native plugins for Editor in 0.00 ms.
Unloading 1806 Unused Serialized files (Serialized files now loaded: 0)
System memory in use before: 88.2 MB.
System memory in use after: 88.2 MB.

Unloading 12 unused Assets to reduce memory usage. Loaded Objects now: 2344.
Total: 2.058000 ms (FindLiveObjects: 0.164100 ms CreateObjectMapping: 0.053700 ms MarkObjects: 1.710600 ms  DeleteObjects: 0.128200 ms)

========================================================================
Received Prepare
Registering precompiled user dll's ...
Registered in 0.001215 seconds.
Begin MonoManager ReloadAssembly
Native extension for WindowsStandalone target not found
Refreshing native plugins compatible for Editor in 0.50 ms, found 1 plugins.
Preloading 0 native plugins for Editor in 0.00 ms.
Mono: successfully reloaded assembly
- Completed reload, in  1.331 seconds
Platform modules already initialized, skipping
Refreshing native plugins compatible for Editor in 0.54 ms, found 1 plugins.
Preloading 0 native plugins for Editor in 0.00 ms.
Unloading 1806 Unused Serialized files (Serialized files now loaded: 0)
System memory in use before: 88.2 MB.
System memory in use after: 88.2 MB.

Unloading 12 unused Assets to reduce memory usage. Loaded Objects now: 2348.
Total: 6.574300 ms (FindLiveObjects: 0.376200 ms CreateObjectMapping: 0.089600 ms MarkObjects: 5.472700 ms  DeleteObjects: 0.629100 ms)

========================================================================
Received Prepare
Registering precompiled user dll's ...
Registered in 0.002336 seconds.
Begin MonoManager ReloadAssembly
Native extension for WindowsStandalone target not found
Refreshing native plugins compatible for Editor in 0.59 ms, found 1 plugins.
Preloading 0 native plugins for Editor in 0.00 ms.
Mono: successfully reloaded assembly
- Completed reload, in  1.221 seconds
Platform modules already initialized, skipping
Refreshing native plugins compatible for Editor in 0.33 ms, found 1 plugins.
Preloading 0 native plugins for Editor in 0.00 ms.
Unloading 1806 Unused Serialized files (Serialized files now loaded: 0)
System memory in use before: 88.2 MB.
System memory in use after: 88.2 MB.

Unloading 12 unused Assets to reduce memory usage. Loaded Objects now: 2352.
Total: 2.390800 ms (FindLiveObjects: 0.162400 ms CreateObjectMapping: 0.051400 ms MarkObjects: 1.951300 ms  DeleteObjects: 0.224000 ms)

========================================================================
Received Prepare
Registering precompiled user dll's ...
Registered in 0.000981 seconds.
Begin MonoManager ReloadAssembly
Native extension for WindowsStandalone target not found
Refreshing native plugins compatible for Editor in 0.45 ms, found 1 plugins.
Preloading 0 native plugins for Editor in 0.00 ms.
Mono: successfully reloaded assembly
- Completed reload, in  1.247 seconds
Platform modules already initialized, skipping
Refreshing native plugins compatible for Editor in 0.34 ms, found 1 plugins.
Preloading 0 native plugins for Editor in 0.00 ms.
Unloading 1806 Unused Serialized files (Serialized files now loaded: 0)
System memory in use before: 88.2 MB.
System memory in use after: 88.2 MB.

Unloading 12 unused Assets to reduce memory usage. Loaded Objects now: 2356.
Total: 2.059300 ms (FindLiveObjects: 0.157300 ms CreateObjectMapping: 0.050900 ms MarkObjects: 1.722600 ms  DeleteObjects: 0.127400 ms)

========================================================================
Received Prepare
Registering precompiled user dll's ...
Registered in 0.002181 seconds.
Begin MonoManager ReloadAssembly
Native extension for WindowsStandalone target not found
Refreshing native plugins compatible for Editor in 0.57 ms, found 1 plugins.
Preloading 0 native plugins for Editor in 0.00 ms.
Mono: successfully reloaded assembly
- Completed reload, in  1.306 seconds
Platform modules already initialized, skipping
Refreshing native plugins compatible for Editor in 0.43 ms, found 1 plugins.
Preloading 0 native plugins for Editor in 0.00 ms.
Unloading 1806 Unused Serialized files (Serialized files now loaded: 0)
System memory in use before: 88.2 MB.
System memory in use after: 88.2 MB.

Unloading 12 unused Assets to reduce memory usage. Loaded Objects now: 2360.
Total: 2.743800 ms (FindLiveObjects: 0.265800 ms CreateObjectMapping: 0.119300 ms MarkObjects: 2.211000 ms  DeleteObjects: 0.145900 ms)

========================================================================
Received Import Request.
  Time since last request: 503.240996 seconds.
  path: Assets/scripts/MoveLeft.cs
  artifactKey: Guid(38adee4924648bb4585fadbbd40624ad) Importer(815301076,1909f56bfc062723c751e8b465ee728b)
Start importing Assets/scripts/MoveLeft.cs using Guid(38adee4924648bb4585fadbbd40624ad) Importer(815301076,1909f56bfc062723c751e8b465ee728b)  -> (artifact id: '29939a1eafe6ae31e00d6fd2cdcf57a6') in 0.015680 seconds
  Import took 0.022475 seconds .

========================================================================
Received Prepare
Registering precompiled user dll's ...
Registered in 0.000852 seconds.
Begin MonoManager ReloadAssembly
Native extension for WindowsStandalone target not found
Refreshing native plugins compatible for Editor in 0.52 ms, found 1 plugins.
Preloading 0 native plugins for Editor in 0.00 ms.
Mono: successfully reloaded assembly
- Completed reload, in  1.173 seconds
Platform modules already initialized, skipping
Refreshing native plugins compatible for Editor in 0.35 ms, found 1 plugins.
Preloading 0 native plugins for Editor in 0.00 ms.
Unloading 1806 Unused Serialized files (Serialized files now loaded: 0)
System memory in use before: 88.2 MB.
System memory in use after: 88.2 MB.

Unloading 12 unused Assets to reduce memory usage. Loaded Objects now: 2364.
Total: 1.900900 ms (FindLiveObjects: 0.171500 ms CreateObjectMapping: 0.051900 ms MarkObjects: 1.553000 ms  DeleteObjects: 0.123400 ms)

========================================================================
Received Import Request.
  Time since last request: 141.445499 seconds.
  path: Assets/scripts/MoveLeft.cs
  artifactKey: Guid(38adee4924648bb4585fadbbd40624ad) Importer(815301076,1909f56bfc062723c751e8b465ee728b)
Start importing Assets/scripts/MoveLeft.cs using Guid(38adee4924648bb4585fadbbd40624ad) Importer(815301076,1909f56bfc062723c751e8b465ee728b)  -> (artifact id: 'd2e8e07baa88118649722f47c4214e11') in 0.006018 seconds
  Import took 0.009658 seconds .

========================================================================
Received Prepare
Registering precompiled user dll's ...
Registered in 0.002335 seconds.
Begin MonoManager ReloadAssembly
Native extension for WindowsStandalone target not found
Refreshing native plugins compatible for Editor in 0.32 ms, found 1 plugins.
Preloading 0 native plugins for Editor in 0.00 ms.
Mono: successfully reloaded assembly
- Completed reload, in  0.955 seconds
Platform modules already initialized, skipping
Refreshing native plugins compatible for Editor in 0.41 ms, found 1 plugins.
Preloading 0 native plugins for Editor in 0.00 ms.
Unloading 1806 Unused Serialized files (Serialized files now loaded: 0)
System memory in use before: 88.3 MB.
System memory in use after: 88.2 MB.

Unloading 12 unused Assets to reduce memory usage. Loaded Objects now: 2368.
Total: 2.643100 ms (FindLiveObjects: 0.216100 ms CreateObjectMapping: 0.127200 ms MarkObjects: 2.132000 ms  DeleteObjects: 0.166200 ms)

