Using pre-set license
Built from '2020.3/staging' branch; Version is '2020.3.8f1 (507919d4fff5) revision 5273881'; Using compiler version '192528614'; Build Type 'Release'
OS: 'Windows 10 Home Single Language; OS build 19042.1110; Version 2009; 64bit' Language: 'en' Physical Memory: 7959 MB
BatchMode: 1, IsHumanControllingUs: 0, StartBugReporterOnCrash: 0, Is64bit: 1, IsPro: 0

 COMMAND LINE ARGUMENTS:
C:\Program Files\Unity\Hub\Editor\2020.3.8f1\Editor\Unity.exe
-adb2
-batchMode
-noUpm
-name
AssetImportWorker0
-projectPath
C:/Users/dogbo/New Unity Project
-logFile
Logs/AssetImportWorker0.log
-srvPort
60371
Successfully changed project path to: C:/Users/dogbo/New Unity Project
C:/Users/dogbo/New Unity Project
Using Asset Import Pipeline V2.
Refreshing native plugins compatible for Editor in 42.74 ms, found 1 plugins.
Preloading 0 native plugins for Editor in 0.00 ms.
Initialize engine version: 2020.3.8f1 (507919d4fff5)
[Subsystems] Discovering subsystems at path C:/Program Files/Unity/Hub/Editor/2020.3.8f1/Editor/Data/Resources/UnitySubsystems
[Subsystems] Discovering subsystems at path C:/Users/dogbo/New Unity Project/Assets
GfxDevice: creating device client; threaded=0
Direct3D:
    Version:  Direct3D 11.0 [level 11.1]
    Renderer: Intel(R) UHD Graphics (ID=0x8a56)
    Vendor:   
    VRAM:     3979 MB
    Driver:   27.20.100.8280
Initialize mono
Mono path[0] = 'C:/Program Files/Unity/Hub/Editor/2020.3.8f1/Editor/Data/Managed'
Mono path[1] = 'C:/Program Files/Unity/Hub/Editor/2020.3.8f1/Editor/Data/MonoBleedingEdge/lib/mono/unityjit'
Mono config path = 'C:/Program Files/Unity/Hub/Editor/2020.3.8f1/Editor/Data/MonoBleedingEdge/etc'
Using monoOptions --debugger-agent=transport=dt_socket,embedding=1,server=y,suspend=n,address=127.0.0.1:56800
Begin MonoManager ReloadAssembly
Registering precompiled unity dll's ...
Register platform support module: C:/Program Files/Unity/Hub/Editor/2020.3.8f1/Editor/Data/PlaybackEngines/WindowsStandaloneSupport/UnityEditor.WindowsStandalone.Extensions.dll
Registered in 0.001739 seconds.
Native extension for WindowsStandalone target not found
Refreshing native plugins compatible for Editor in 40.39 ms, found 1 plugins.
Preloading 0 native plugins for Editor in 0.00 ms.
Mono: successfully reloaded assembly
- Completed reload, in  1.809 seconds
Platform modules already initialized, skipping
Registering precompiled user dll's ...
Registered in 0.001507 seconds.
Begin MonoManager ReloadAssembly
Native extension for WindowsStandalone target not found
Refreshing native plugins compatible for Editor in 50.39 ms, found 1 plugins.
Preloading 0 native plugins for Editor in 0.00 ms.
Mono: successfully reloaded assembly
- Completed reload, in  1.100 seconds
Platform modules already initialized, skipping
========================================================================
Worker process is ready to serve import requests
Launched and connected shader compiler UnityShaderCompiler.exe after 0.08 seconds
Refreshing native plugins compatible for Editor in 0.34 ms, found 1 plugins.
Preloading 0 native plugins for Editor in 0.00 ms.
Unloading 1811 Unused Serialized files (Serialized files now loaded: 0)
System memory in use before: 85.0 MB.
System memory in use after: 84.9 MB.

Unloading 24 unused Assets to reduce memory usage. Loaded Objects now: 2253.
Total: 2.139300 ms (FindLiveObjects: 0.178800 ms CreateObjectMapping: 0.066600 ms MarkObjects: 1.751000 ms  DeleteObjects: 0.141500 ms)

========================================================================
Received Prepare
Refreshing native plugins compatible for Editor in 1.79 ms, found 1 plugins.
Preloading 0 native plugins for Editor in 0.00 ms.
Unloading 10 Unused Serialized files (Serialized files now loaded: 0)
System memory in use before: 49.2 MB.
System memory in use after: 49.2 MB.

Unloading 10 unused Assets to reduce memory usage. Loaded Objects now: 2253.
Total: 1.901800 ms (FindLiveObjects: 0.153700 ms CreateObjectMapping: 0.050600 ms MarkObjects: 1.592100 ms  DeleteObjects: 0.104300 ms)

========================================================================
Received Import Request.
  path: Assets/dragongame.unity
  artifactKey: Guid(c0e43d4713e26414088da455d63d53a3) Importer(815301076,1909f56bfc062723c751e8b465ee728b)
Start importing Assets/dragongame.unity using Guid(c0e43d4713e26414088da455d63d53a3) Importer(815301076,1909f56bfc062723c751e8b465ee728b)  -> (artifact id: 'da962d68ab7f53a1fbdb435cae34e58d') in 0.031575 seconds
  Import took 0.038229 seconds .

========================================================================
Received Prepare
Registering precompiled user dll's ...
Registered in 0.001369 seconds.
Begin MonoManager ReloadAssembly
Native extension for WindowsStandalone target not found
Refreshing native plugins compatible for Editor in 0.63 ms, found 1 plugins.
Preloading 0 native plugins for Editor in 0.00 ms.
Mono: successfully reloaded assembly
- Completed reload, in  2.088 seconds
Platform modules already initialized, skipping
Refreshing native plugins compatible for Editor in 0.60 ms, found 1 plugins.
Preloading 0 native plugins for Editor in 0.00 ms.
Unloading 1806 Unused Serialized files (Serialized files now loaded: 0)
System memory in use before: 84.9 MB.
System memory in use after: 84.9 MB.

Unloading 12 unused Assets to reduce memory usage. Loaded Objects now: 2257.
Total: 5.325400 ms (FindLiveObjects: 0.502400 ms CreateObjectMapping: 0.350000 ms MarkObjects: 4.298200 ms  DeleteObjects: 0.171900 ms)

========================================================================
Received Import Request.
  Time since last request: 134.970015 seconds.
  path: Assets/Art
  artifactKey: Guid(1257e41290a017a4bb704c630ee2aa49) Importer(815301076,1909f56bfc062723c751e8b465ee728b)
Start importing Assets/Art using Guid(1257e41290a017a4bb704c630ee2aa49) Importer(815301076,1909f56bfc062723c751e8b465ee728b)  -> (artifact id: '13ba166e03f645156613752322811cd6') in 0.024391 seconds
  Import took 0.029517 seconds .

========================================================================
Received Import Request.
  Time since last request: 21.880036 seconds.
  path: Assets/scripts/DragonKiller.cs
  artifactKey: Guid(b45e5283bd1f5e64a9a0157185415415) Importer(815301076,1909f56bfc062723c751e8b465ee728b)
Start importing Assets/scripts/DragonKiller.cs using Guid(b45e5283bd1f5e64a9a0157185415415) Importer(815301076,1909f56bfc062723c751e8b465ee728b)  -> (artifact id: '9e02e4549d010e493a58d0084049cd66') in 0.056303 seconds
  Import took 0.061324 seconds .

